<?xml version="1.0"?>
<!--Phoronix Test Suite v8.0.1-->
<PhoronixTestSuite>
  <TestInformation>
    <Title>3DMark06</Title>
    <AppVersion>1.2.1</AppVersion>
    <Description>This runs 3DMark06 Graphics Test 2, Firefly Forest benchmark scene.</Description>
    <ResultScale>Frames Per Second</ResultScale>
    <Proportion>HIB</Proportion>
    <TimesToRun>3</TimesToRun>
  </TestInformation>
  <TestProfile>
    <Version>1.0.1</Version>
    <SupportedPlatforms>Windows, Linux</SupportedPlatforms>
    <SoftwareType>Game</SoftwareType>
    <TestType>Graphics</TestType>
    <License>Free</License>
    <Status>Unverified</Status>
    <SupportedArchitectures>x86, x86_64</SupportedArchitectures>
    <EnvironmentSize>1</EnvironmentSize>
    <ProjectURL>http://www.invalid.com</ProjectURL>
    <Maintainer>Dimitris Gounaridis</Maintainer>
  </TestProfile>
  <TestSettings>
    <Option>
      <DisplayName>Resolution</DisplayName>
      <Identifier>auto-resolution</Identifier>
      <ArgumentPrefix></ArgumentPrefix>
      <ArgumentPostfix></ArgumentPostfix>
      <DefaultEntry>0</DefaultEntry>
      <Menu>
        <Entry>
          <Name>$VIDEO_WIDTH x $VIDEO_HEIGHT</Name>
          <Value>-width $VIDEO_WIDTH -height $VIDEO_HEIGHT</Value>
          <Message></Message>
        </Entry>
      </Menu>
    </Option>
    <Option>
      <DisplayName>Antialias</DisplayName>
      <Identifier>antialias</Identifier>
      <ArgumentPrefix>-antialias </ArgumentPrefix>
      <ArgumentPostfix></ArgumentPostfix>
      <DefaultEntry>0</DefaultEntry>
      <Menu>
        <Entry>
          <Name>None</Name>
          <Value>0</Value>
          <Message></Message>
        </Entry>
        <Entry>
          <Name>4x</Name>
          <Value>4</Value>
          <Message></Message>
        </Entry>
        <Entry>
          <Name>8x</Name>
          <Value>8</Value>
          <Message></Message>
        </Entry>
      </Menu>
    </Option>
    <Option>
      <DisplayName>Filtering</DisplayName>
      <Identifier>filtering</Identifier>
      <ArgumentPrefix>-filtering </ArgumentPrefix>
      <ArgumentPostfix></ArgumentPostfix>
      <DefaultEntry>0</DefaultEntry>
      <Menu>
        <Entry>
          <Name>Optimal</Name>
          <Value>optimal</Value>
          <Message></Message>
        </Entry>
        <Entry>
          <Name>Bilinear</Name>
          <Value>bilinear</Value>
          <Message></Message>
        </Entry>
        <Entry>
          <Name>Trilinear</Name>
          <Value>trilinear</Value>
          <Message></Message>
        </Entry>
        <Entry>
          <Name>Anisotropic</Name>
          <Value>anisotropic</Value>
          <Message></Message>
        </Entry>
      </Menu>
    </Option>
  </TestSettings>
</PhoronixTestSuite>
