<?xml version="1.0"?>
<!--Phoronix Test Suite v8.0.0-->
<PhoronixTestSuite>
  <TestInformation>
    <Title>Tomb Raider (2013)</Title>
    <AppVersion>0.2</AppVersion>
    <Description>This runs Tomb Raider (2013) Steam version built-in benchmark.</Description>
    <ResultScale>Frames Per Second</ResultScale>
    <Proportion>HIB</Proportion>
    <TimesToRun>3</TimesToRun>
  </TestInformation>
  <TestProfile>
    <Version>1.0.0</Version>
    <SupportedPlatforms>Windows, Linux</SupportedPlatforms>
    <SoftwareType>Game</SoftwareType>
    <TestType>Graphics</TestType>
    <License>Free</License>
    <Status>Unverified</Status>
    <SupportedArchitectures>x86, x86_64</SupportedArchitectures>
    <EnvironmentSize>1</EnvironmentSize>
    <ProjectURL>http://www.invalid.com</ProjectURL>
    <Maintainer>Dimitris Gounaridis</Maintainer>
    <ExternalDependencies>wine</ExternalDependencies>
  </TestProfile>
</PhoronixTestSuite>
