<?xml version="1.0"?>
<!--Phoronix Test Suite v8.0.0m3-->
<PhoronixTestSuite>
  <TestInformation>
    <Title>Far Cry 2</Title>
    <AppVersion>1.0</AppVersion>
    <Description>This runs Far Cry 2 built-in benchmark</Description>
    <ResultScale>Frames Per Second</ResultScale>
    <Proportion>HIB</Proportion>
    <TimesToRun>3</TimesToRun>
  </TestInformation>
  <TestProfile>
    <Version>1.0.0</Version>
    <SupportedPlatforms>Windows, Linux</SupportedPlatforms>
    <SoftwareType>Game</SoftwareType>
    <TestType>Graphics</TestType>
    <License>Free</License>
    <Status>Unverified</Status>
    <SupportedArchitectures>x86, x86_64</SupportedArchitectures>
    <EnvironmentSize>1</EnvironmentSize>
    <ProjectURL>http://www.invalid.com</ProjectURL>
    <Maintainer>Dimitris Gounaridis</Maintainer>
  </TestProfile>
</PhoronixTestSuite>
